<?xml version="1.0" encoding="UTF-8"?>
<!-- Generated by org.testng.reporters.JUnitXMLReporter -->
<testsuite ignored="0" hostname="SHIVA" failures="5" tests="5" name="Test" time="21.055" errors="0" timestamp="2024-09-09T11:36:36 IST">
  <testcase classname="io.cucumber.testng.AbstractTestNGCucumberTests" name="runScenario" time="3.8">
    <failure type="java.lang.RuntimeException" message="Browser Failed!..">
      <![CDATA[java.lang.RuntimeException: Browser Failed!..
at com.stepdef.pages.LoginStepDef.user_inputs_username_password_and_verifylogin(LoginStepDef.java:73)
at ✽.user inputs username "<username>" & password "<password>" and verify login(file:///C:/Users/ambat/eclipse-workspace/CucumberProSelenium/src/test/resources/features/Test.feature:47)
]]>
    </failure>
  </testcase> <!-- runScenario -->
  <testcase classname="io.cucumber.testng.AbstractTestNGCucumberTests" name="runScenario" time="4.292">
    <failure type="java.lang.RuntimeException" message="Browser Failed!..">
      <![CDATA[java.lang.RuntimeException: Browser Failed!..
at com.stepdef.pages.LoginStepDef.user_inputs_username_password_and_verifylogin(LoginStepDef.java:73)
at ✽.user inputs username "<username>" & password "<password>" and verify login(file:///C:/Users/ambat/eclipse-workspace/CucumberProSelenium/src/test/resources/features/Test.feature:47)
]]>
    </failure>
  </testcase> <!-- runScenario -->
  <testcase classname="io.cucumber.testng.AbstractTestNGCucumberTests" name="runScenario" time="3.698">
    <failure type="java.lang.RuntimeException" message="Browser Failed!..">
      <![CDATA[java.lang.RuntimeException: Browser Failed!..
at com.stepdef.pages.LoginStepDef.user_inputs_username_password_and_verifylogin(LoginStepDef.java:73)
at ✽.user inputs username "<username>" & password "<password>" and verify login(file:///C:/Users/ambat/eclipse-workspace/CucumberProSelenium/src/test/resources/features/Test.feature:47)
]]>
    </failure>
  </testcase> <!-- runScenario -->
  <testcase classname="io.cucumber.testng.AbstractTestNGCucumberTests" name="runScenario" time="4.978">
    <failure type="java.lang.RuntimeException" message="Browser Failed!..">
      <![CDATA[java.lang.RuntimeException: Browser Failed!..
at com.stepdef.pages.LoginStepDef.user_inputs_username_password_and_verifylogin(LoginStepDef.java:73)
at ✽.user inputs username "<username>" & password "<password>" and verify login(file:///C:/Users/ambat/eclipse-workspace/CucumberProSelenium/src/test/resources/features/Test.feature:47)
]]>
    </failure>
  </testcase> <!-- runScenario -->
  <testcase classname="io.cucumber.testng.AbstractTestNGCucumberTests" name="runScenario" time="3.777">
    <failure type="java.lang.RuntimeException" message="Browser Failed!..">
      <![CDATA[java.lang.RuntimeException: Browser Failed!..
at com.stepdef.pages.LoginStepDef.user_inputs_username_password_and_verifylogin(LoginStepDef.java:73)
at ✽.user inputs username "<username>" & password "<password>" and verify login(file:///C:/Users/ambat/eclipse-workspace/CucumberProSelenium/src/test/resources/features/Test.feature:47)
]]>
    </failure>
  </testcase> <!-- runScenario -->
</testsuite> <!-- Test -->
