<html>
<head>
<title>TestNG:  Test</title>
<link href="../testng.css" rel="stylesheet" type="text/css" />
<link href="../my-testng.css" rel="stylesheet" type="text/css" />

<style type="text/css">
.log { display: none;} 
.stack-trace { display: none;} 
</style>
<script type="text/javascript">
<!--
function flip(e) {
  current = e.style.display;
  if (current == 'block') {
    e.style.display = 'none';
    return 0;
  }
  else {
    e.style.display = 'block';
    return 1;
  }
}

function toggleBox(szDivId, elem, msg1, msg2)
{
  var res = -1;  if (document.getElementById) {
    res = flip(document.getElementById(szDivId));
  }
  else if (document.all) {
    // this is the way old msie versions work
    res = flip(document.all[szDivId]);
  }
  if(elem) {
    if(res == 0) elem.innerHTML = msg1; else elem.innerHTML = msg2;
  }

}

function toggleAllBoxes() {
  if (document.getElementsByTagName) {
    d = document.getElementsByTagName('div');
    for (i = 0; i < d.length; i++) {
      if (d[i].className == 'log') {
        flip(d[i]);
      }
    }
  }
}

// -->
</script>

</head>
<body>
<h2 align='center'>Test</h2><table border='1' align="center">
<tr>
<td>Tests passed/Failed/Skipped:</td><td>0/5/0</td>
</tr><tr>
<td>Started on:</td><td>Mon Sep 09 11:36:15 IST 2024</td>
</tr>
<tr><td>Total time:</td><td>21 seconds (21055 ms)</td>
</tr><tr>
<td>Included groups:</td><td></td>
</tr><tr>
<td>Excluded groups:</td><td></td>
</tr>
</table><p/>
<small><i>(Hover the method name to see the test class name)</i></small><p/>
<table width='100%' border='1' class='invocation-failed'>
<tr><td colspan='4' align='center'><b>FAILED TESTS</b></td></tr>
<tr><td><b>Test method</b></td>
<td><b>Attribute(s)</b></td>
<td width="30%"><b>Exception</b></td>
<td width="10%"><b>Time (seconds)</b></td>
<td><b>Instance</b></td>
</tr>
<tr>
<td title='com.cucum.runner.LocalRunner.runScenario()'><b>runScenario</b><br>Test class: com.cucum.runner.LocalRunner<br>Test method: Runs Cucumber Scenarios<br>Parameters: "Login Functionality3", "Loginb functionality check"</td>
<td><div><pre>java.lang.RuntimeException: Browser Failed!..
	at com.stepdef.pages.LoginStepDef.user_inputs_username_password_and_verifylogin(LoginStepDef.java:73)
	at ✽.user inputs username &quot;&lt;username&gt;&quot; &amp; password &quot;&lt;password&gt;&quot; and verify login(file:///C:/Users/ambat/eclipse-workspace/CucumberProSelenium/src/test/resources/features/Test.feature:47)
</pre></div><a href='#' onClick='toggleBox("stack-trace889640998", this, "Click to show all stack frames", "Click to hide stack frames")'>Click to show all stack frames</a>
<div class='stack-trace' id='stack-trace889640998'><pre>java.lang.RuntimeException: Browser Failed!..
	at com.stepdef.pages.LoginStepDef.user_inputs_username_password_and_verifylogin(LoginStepDef.java:73)
	at ✽.user inputs username &quot;&lt;username&gt;&quot; &amp; password &quot;&lt;password&gt;&quot; and verify login(file:///C:/Users/ambat/eclipse-workspace/CucumberProSelenium/src/test/resources/features/Test.feature:47)
</pre></div></td>
<td>3</td>
<td>com.cucum.runner.LocalRunner@6379eb</td></tr>
<tr>
<td title='com.cucum.runner.LocalRunner.runScenario()'><b>runScenario</b><br>Test class: com.cucum.runner.LocalRunner<br>Test method: Runs Cucumber Scenarios<br>Parameters: "Login Functionality3", "Loginb functionality check"</td>
<td><div><pre>java.lang.RuntimeException: Browser Failed!..
	at com.stepdef.pages.LoginStepDef.user_inputs_username_password_and_verifylogin(LoginStepDef.java:73)
	at ✽.user inputs username &quot;&lt;username&gt;&quot; &amp; password &quot;&lt;password&gt;&quot; and verify login(file:///C:/Users/ambat/eclipse-workspace/CucumberProSelenium/src/test/resources/features/Test.feature:47)
</pre></div><a href='#' onClick='toggleBox("stack-trace162144258", this, "Click to show all stack frames", "Click to hide stack frames")'>Click to show all stack frames</a>
<div class='stack-trace' id='stack-trace162144258'><pre>java.lang.RuntimeException: Browser Failed!..
	at com.stepdef.pages.LoginStepDef.user_inputs_username_password_and_verifylogin(LoginStepDef.java:73)
	at ✽.user inputs username &quot;&lt;username&gt;&quot; &amp; password &quot;&lt;password&gt;&quot; and verify login(file:///C:/Users/ambat/eclipse-workspace/CucumberProSelenium/src/test/resources/features/Test.feature:47)
</pre></div></td>
<td>4</td>
<td>com.cucum.runner.LocalRunner@6379eb</td></tr>
<tr>
<td title='com.cucum.runner.LocalRunner.runScenario()'><b>runScenario</b><br>Test class: com.cucum.runner.LocalRunner<br>Test method: Runs Cucumber Scenarios<br>Parameters: "Login Functionality3", "Loginb functionality check"</td>
<td><div><pre>java.lang.RuntimeException: Browser Failed!..
	at com.stepdef.pages.LoginStepDef.user_inputs_username_password_and_verifylogin(LoginStepDef.java:73)
	at ✽.user inputs username &quot;&lt;username&gt;&quot; &amp; password &quot;&lt;password&gt;&quot; and verify login(file:///C:/Users/ambat/eclipse-workspace/CucumberProSelenium/src/test/resources/features/Test.feature:47)
</pre></div><a href='#' onClick='toggleBox("stack-trace1270565296", this, "Click to show all stack frames", "Click to hide stack frames")'>Click to show all stack frames</a>
<div class='stack-trace' id='stack-trace1270565296'><pre>java.lang.RuntimeException: Browser Failed!..
	at com.stepdef.pages.LoginStepDef.user_inputs_username_password_and_verifylogin(LoginStepDef.java:73)
	at ✽.user inputs username &quot;&lt;username&gt;&quot; &amp; password &quot;&lt;password&gt;&quot; and verify login(file:///C:/Users/ambat/eclipse-workspace/CucumberProSelenium/src/test/resources/features/Test.feature:47)
</pre></div></td>
<td>4</td>
<td>com.cucum.runner.LocalRunner@6379eb</td></tr>
<tr>
<td title='com.cucum.runner.LocalRunner.runScenario()'><b>runScenario</b><br>Test class: com.cucum.runner.LocalRunner<br>Test method: Runs Cucumber Scenarios<br>Parameters: "Login Functionality3", "Loginb functionality check"</td>
<td><div><pre>java.lang.RuntimeException: Browser Failed!..
	at com.stepdef.pages.LoginStepDef.user_inputs_username_password_and_verifylogin(LoginStepDef.java:73)
	at ✽.user inputs username &quot;&lt;username&gt;&quot; &amp; password &quot;&lt;password&gt;&quot; and verify login(file:///C:/Users/ambat/eclipse-workspace/CucumberProSelenium/src/test/resources/features/Test.feature:47)
</pre></div><a href='#' onClick='toggleBox("stack-trace1583020257", this, "Click to show all stack frames", "Click to hide stack frames")'>Click to show all stack frames</a>
<div class='stack-trace' id='stack-trace1583020257'><pre>java.lang.RuntimeException: Browser Failed!..
	at com.stepdef.pages.LoginStepDef.user_inputs_username_password_and_verifylogin(LoginStepDef.java:73)
	at ✽.user inputs username &quot;&lt;username&gt;&quot; &amp; password &quot;&lt;password&gt;&quot; and verify login(file:///C:/Users/ambat/eclipse-workspace/CucumberProSelenium/src/test/resources/features/Test.feature:47)
</pre></div></td>
<td>3</td>
<td>com.cucum.runner.LocalRunner@6379eb</td></tr>
<tr>
<td title='com.cucum.runner.LocalRunner.runScenario()'><b>runScenario</b><br>Test class: com.cucum.runner.LocalRunner<br>Test method: Runs Cucumber Scenarios<br>Parameters: "Login Functionality3", "Loginb functionality check"</td>
<td><div><pre>java.lang.RuntimeException: Browser Failed!..
	at com.stepdef.pages.LoginStepDef.user_inputs_username_password_and_verifylogin(LoginStepDef.java:73)
	at ✽.user inputs username &quot;&lt;username&gt;&quot; &amp; password &quot;&lt;password&gt;&quot; and verify login(file:///C:/Users/ambat/eclipse-workspace/CucumberProSelenium/src/test/resources/features/Test.feature:47)
</pre></div><a href='#' onClick='toggleBox("stack-trace1223399478", this, "Click to show all stack frames", "Click to hide stack frames")'>Click to show all stack frames</a>
<div class='stack-trace' id='stack-trace1223399478'><pre>java.lang.RuntimeException: Browser Failed!..
	at com.stepdef.pages.LoginStepDef.user_inputs_username_password_and_verifylogin(LoginStepDef.java:73)
	at ✽.user inputs username &quot;&lt;username&gt;&quot; &amp; password &quot;&lt;password&gt;&quot; and verify login(file:///C:/Users/ambat/eclipse-workspace/CucumberProSelenium/src/test/resources/features/Test.feature:47)
</pre></div></td>
<td>3</td>
<td>com.cucum.runner.LocalRunner@6379eb</td></tr>
</table><p>
</body>
</html>