<?xml version="1.0" encoding="UTF-8"?>
<!-- Generated by org.testng.reporters.JUnitReportReporter -->
<testsuite hostname="SHIVA" failures="0" tests="5" name="com.cucum.runner.LocalRunner" time="20.545" errors="5" timestamp="2024-09-09T11:36:36 IST" skipped="0">
  <testcase classname="com.cucum.runner.LocalRunner" name="runScenario" time="3.800">
    <error message="Browser Failed!.." type="java.lang.RuntimeException">
      <![CDATA[java.lang.RuntimeException: Browser Failed!..
at com.stepdef.pages.LoginStepDef.user_inputs_username_password_and_verifylogin(LoginStepDef.java:73)
at ✽.user inputs username "<username>" & password "<password>" and verify login(file:///C:/Users/ambat/eclipse-workspace/CucumberProSelenium/src/test/resources/features/Test.feature:47)
]]>
    </error>
  </testcase> <!-- runScenario -->
  <testcase classname="com.cucum.runner.LocalRunner" name="runScenario" time="4.978">
    <error message="Browser Failed!.." type="java.lang.RuntimeException">
      <![CDATA[java.lang.RuntimeException: Browser Failed!..
at com.stepdef.pages.LoginStepDef.user_inputs_username_password_and_verifylogin(LoginStepDef.java:73)
at ✽.user inputs username "<username>" & password "<password>" and verify login(file:///C:/Users/ambat/eclipse-workspace/CucumberProSelenium/src/test/resources/features/Test.feature:47)
]]>
    </error>
  </testcase> <!-- runScenario -->
  <testcase classname="com.cucum.runner.LocalRunner" name="runScenario" time="4.292">
    <error message="Browser Failed!.." type="java.lang.RuntimeException">
      <![CDATA[java.lang.RuntimeException: Browser Failed!..
at com.stepdef.pages.LoginStepDef.user_inputs_username_password_and_verifylogin(LoginStepDef.java:73)
at ✽.user inputs username "<username>" & password "<password>" and verify login(file:///C:/Users/ambat/eclipse-workspace/CucumberProSelenium/src/test/resources/features/Test.feature:47)
]]>
    </error>
  </testcase> <!-- runScenario -->
  <testcase classname="com.cucum.runner.LocalRunner" name="runScenario" time="3.777">
    <error message="Browser Failed!.." type="java.lang.RuntimeException">
      <![CDATA[java.lang.RuntimeException: Browser Failed!..
at com.stepdef.pages.LoginStepDef.user_inputs_username_password_and_verifylogin(LoginStepDef.java:73)
at ✽.user inputs username "<username>" & password "<password>" and verify login(file:///C:/Users/ambat/eclipse-workspace/CucumberProSelenium/src/test/resources/features/Test.feature:47)
]]>
    </error>
  </testcase> <!-- runScenario -->
  <testcase classname="com.cucum.runner.LocalRunner" name="runScenario" time="3.698">
    <error message="Browser Failed!.." type="java.lang.RuntimeException">
      <![CDATA[java.lang.RuntimeException: Browser Failed!..
at com.stepdef.pages.LoginStepDef.user_inputs_username_password_and_verifylogin(LoginStepDef.java:73)
at ✽.user inputs username "<username>" & password "<password>" and verify login(file:///C:/Users/ambat/eclipse-workspace/CucumberProSelenium/src/test/resources/features/Test.feature:47)
]]>
    </error>
  </testcase> <!-- runScenario -->
</testsuite> <!-- com.cucum.runner.LocalRunner -->
