<?xml version="1.0" encoding="UTF-8"?>
<testng-results ignored="0" total="5" passed="0" failed="5" skipped="0">
  <reporter-output>
  </reporter-output>
  <suite started-at="2024-09-09T11:36:15 IST" name="Suite" finished-at="2024-09-09T11:36:36 IST" duration-ms="21055">
    <groups>
      <group name="cucumber">
        <method signature="AbstractTestNGCucumberTests.runScenario(io.cucumber.testng.PickleWrapper,io.cucumber.testng.FeatureWrapper)[pri:0, instance:com.cucum.runner.LocalRunner@6379eb]" name="runScenario" class="io.cucumber.testng.AbstractTestNGCucumberTests"/>
      </group> <!-- cucumber -->
    </groups>
    <test started-at="2024-09-09T11:36:15 IST" name="Test" finished-at="2024-09-09T11:36:36 IST" duration-ms="21055">
      <class name="com.cucum.runner.LocalRunner">
        <test-method is-config="true" signature="setUpClass(org.testng.ITestContext)[pri:0, instance:com.cucum.runner.LocalRunner@6379eb]" started-at="2024-09-09T11:36:15 IST" name="setUpClass" finished-at="2024-09-09T11:36:15 IST" duration-ms="409" status="PASS">
          <params>
            <param index="0">
              <value>
                <![CDATA[org.testng.TestRunner@4acb7ecc]]>
              </value>
            </param>
          </params>
          <reporter-output>
          </reporter-output>
        </test-method> <!-- setUpClass -->
        <test-method signature="runScenario(io.cucumber.testng.PickleWrapper,io.cucumber.testng.FeatureWrapper)[pri:0, instance:com.cucum.runner.LocalRunner@6379eb]" started-at="2024-09-09T11:36:15 IST" name="runScenario" description="Runs Cucumber Scenarios" data-provider="scenarios" finished-at="2024-09-09T11:36:19 IST" duration-ms="3800" status="FAIL">
          <params>
            <param index="0">
              <value>
                <![CDATA["Login Functionality3"]]>
              </value>
            </param>
            <param index="1">
              <value>
                <![CDATA["Loginb functionality check"]]>
              </value>
            </param>
          </params>
          <exception class="java.lang.RuntimeException">
            <message>
              <![CDATA[Browser Failed!..]]>
            </message>
            <full-stacktrace>
              <![CDATA[java.lang.RuntimeException: Browser Failed!..
at com.stepdef.pages.LoginStepDef.user_inputs_username_password_and_verifylogin(LoginStepDef.java:73)
at ✽.user inputs username "<username>" & password "<password>" and verify login(file:///C:/Users/ambat/eclipse-workspace/CucumberProSelenium/src/test/resources/features/Test.feature:47)
]]>
            </full-stacktrace>
          </exception> <!-- java.lang.RuntimeException -->
          <reporter-output>
          </reporter-output>
        </test-method> <!-- runScenario -->
        <test-method signature="runScenario(io.cucumber.testng.PickleWrapper,io.cucumber.testng.FeatureWrapper)[pri:0, instance:com.cucum.runner.LocalRunner@6379eb]" started-at="2024-09-09T11:36:19 IST" name="runScenario" description="Runs Cucumber Scenarios" data-provider="scenarios" finished-at="2024-09-09T11:36:23 IST" duration-ms="4292" status="FAIL">
          <params>
            <param index="0">
              <value>
                <![CDATA["Login Functionality3"]]>
              </value>
            </param>
            <param index="1">
              <value>
                <![CDATA["Loginb functionality check"]]>
              </value>
            </param>
          </params>
          <exception class="java.lang.RuntimeException">
            <message>
              <![CDATA[Browser Failed!..]]>
            </message>
            <full-stacktrace>
              <![CDATA[java.lang.RuntimeException: Browser Failed!..
at com.stepdef.pages.LoginStepDef.user_inputs_username_password_and_verifylogin(LoginStepDef.java:73)
at ✽.user inputs username "<username>" & password "<password>" and verify login(file:///C:/Users/ambat/eclipse-workspace/CucumberProSelenium/src/test/resources/features/Test.feature:47)
]]>
            </full-stacktrace>
          </exception> <!-- java.lang.RuntimeException -->
          <reporter-output>
          </reporter-output>
        </test-method> <!-- runScenario -->
        <test-method signature="runScenario(io.cucumber.testng.PickleWrapper,io.cucumber.testng.FeatureWrapper)[pri:0, instance:com.cucum.runner.LocalRunner@6379eb]" started-at="2024-09-09T11:36:23 IST" name="runScenario" description="Runs Cucumber Scenarios" data-provider="scenarios" finished-at="2024-09-09T11:36:27 IST" duration-ms="3698" status="FAIL">
          <params>
            <param index="0">
              <value>
                <![CDATA["Login Functionality3"]]>
              </value>
            </param>
            <param index="1">
              <value>
                <![CDATA["Loginb functionality check"]]>
              </value>
            </param>
          </params>
          <exception class="java.lang.RuntimeException">
            <message>
              <![CDATA[Browser Failed!..]]>
            </message>
            <full-stacktrace>
              <![CDATA[java.lang.RuntimeException: Browser Failed!..
at com.stepdef.pages.LoginStepDef.user_inputs_username_password_and_verifylogin(LoginStepDef.java:73)
at ✽.user inputs username "<username>" & password "<password>" and verify login(file:///C:/Users/ambat/eclipse-workspace/CucumberProSelenium/src/test/resources/features/Test.feature:47)
]]>
            </full-stacktrace>
          </exception> <!-- java.lang.RuntimeException -->
          <reporter-output>
          </reporter-output>
        </test-method> <!-- runScenario -->
        <test-method signature="runScenario(io.cucumber.testng.PickleWrapper,io.cucumber.testng.FeatureWrapper)[pri:0, instance:com.cucum.runner.LocalRunner@6379eb]" started-at="2024-09-09T11:36:27 IST" name="runScenario" description="Runs Cucumber Scenarios" data-provider="scenarios" finished-at="2024-09-09T11:36:32 IST" duration-ms="4978" status="FAIL">
          <params>
            <param index="0">
              <value>
                <![CDATA["Login Functionality3"]]>
              </value>
            </param>
            <param index="1">
              <value>
                <![CDATA["Loginb functionality check"]]>
              </value>
            </param>
          </params>
          <exception class="java.lang.RuntimeException">
            <message>
              <![CDATA[Browser Failed!..]]>
            </message>
            <full-stacktrace>
              <![CDATA[java.lang.RuntimeException: Browser Failed!..
at com.stepdef.pages.LoginStepDef.user_inputs_username_password_and_verifylogin(LoginStepDef.java:73)
at ✽.user inputs username "<username>" & password "<password>" and verify login(file:///C:/Users/ambat/eclipse-workspace/CucumberProSelenium/src/test/resources/features/Test.feature:47)
]]>
            </full-stacktrace>
          </exception> <!-- java.lang.RuntimeException -->
          <reporter-output>
          </reporter-output>
        </test-method> <!-- runScenario -->
        <test-method signature="runScenario(io.cucumber.testng.PickleWrapper,io.cucumber.testng.FeatureWrapper)[pri:0, instance:com.cucum.runner.LocalRunner@6379eb]" started-at="2024-09-09T11:36:32 IST" name="runScenario" description="Runs Cucumber Scenarios" data-provider="scenarios" finished-at="2024-09-09T11:36:36 IST" duration-ms="3777" status="FAIL">
          <params>
            <param index="0">
              <value>
                <![CDATA["Login Functionality3"]]>
              </value>
            </param>
            <param index="1">
              <value>
                <![CDATA["Loginb functionality check"]]>
              </value>
            </param>
          </params>
          <exception class="java.lang.RuntimeException">
            <message>
              <![CDATA[Browser Failed!..]]>
            </message>
            <full-stacktrace>
              <![CDATA[java.lang.RuntimeException: Browser Failed!..
at com.stepdef.pages.LoginStepDef.user_inputs_username_password_and_verifylogin(LoginStepDef.java:73)
at ✽.user inputs username "<username>" & password "<password>" and verify login(file:///C:/Users/ambat/eclipse-workspace/CucumberProSelenium/src/test/resources/features/Test.feature:47)
]]>
            </full-stacktrace>
          </exception> <!-- java.lang.RuntimeException -->
          <reporter-output>
          </reporter-output>
        </test-method> <!-- runScenario -->
        <test-method is-config="true" signature="tearDownClass()[pri:0, instance:com.cucum.runner.LocalRunner@6379eb]" started-at="2024-09-09T11:36:36 IST" name="tearDownClass" finished-at="2024-09-09T11:36:36 IST" duration-ms="67" status="PASS">
          <reporter-output>
          </reporter-output>
        </test-method> <!-- tearDownClass -->
      </class> <!-- com.cucum.runner.LocalRunner -->
    </test> <!-- Test -->
  </suite> <!-- Suite -->
</testng-results>
